"2021-10-26 15:03:38: Request:localhost:8080\/"
"2021-10-26 15:03:47: Request:localhost:8080\/index.php\/Home\/Index"
"2021-10-26 15:04:11: Request:localhost:8080\/index.php\/Injection\/Index"
"2021-10-26 15:04:39: Request:localhost:8080\/index.php\/Injection\/Index"
"2021-10-26 15:18:07: Request:localhost:8080\/"
"2021-10-26 15:18:12: Request:localhost:8080\/index.php\/Test\/Index"
"2021-10-26 15:18:12: SQL:select id,username,password from users where id = 1"
"2021-10-26 15:18:17: Request:localhost:8080\/index.php\/Injection\/Index"
"2021-10-26 15:18:36: Request:localhost:8080\/index.php\/Injection\/Index"
"2021-10-26 15:42:58: Request:localhost:8080\/index.php\/Injection\/Index"
"2021-10-26 15:43:21: Request:localhost:8080\/index.php\/Injection\/Index"
"2021-10-26 15:49:58: Request:localhost:8080\/index.php\/Injection\/Index"
"2021-10-26 15:50:42: Request:localhost:8080\/index.php\/Injection\/Index"
"2021-10-26 15:50:43: Request:localhost:8080\/index.php\/Injection\/Index"
"2021-10-26 15:50:43: Request:localhost:8080\/index.php\/Injection\/Index"
"2021-10-26 15:50:43: Request:localhost:8080\/index.php\/Injection\/Index"
"2021-10-26 15:50:43: Request:localhost:8080\/index.php\/Injection\/Index"
"2021-10-26 15:50:43: Request:localhost:8080\/index.php\/Injection\/Index"
"2021-10-26 15:50:44: Request:localhost:8080\/index.php\/Injection\/Index"
"2021-10-26 15:50:44: Request:localhost:8080\/index.php\/Injection\/Index"
"2021-10-26 15:50:44: Request:localhost:8080\/index.php\/Injection\/Index"
"2021-10-26 15:51:30: Request:localhost:8080\/index.php\/Injection\/Index"
"2021-10-26 15:51:31: Request:localhost:8080\/index.php\/Injection\/Index"
"2021-10-26 15:51:31: Request:localhost:8080\/index.php\/Injection\/Index"
"2021-10-26 15:51:31: Request:localhost:8080\/index.php\/Injection\/Index"
"2021-10-26 15:51:50: Request:localhost:8080\/index.php\/Injection\/Index"
"2021-10-26 15:51:51: Request:localhost:8080\/index.php\/Injection\/Index"
"2021-10-26 15:51:51: Request:localhost:8080\/index.php\/Injection\/Index"
"2021-10-26 15:51:52: Request:localhost:8080\/index.php\/Injection\/Index"
"2021-10-26 15:51:52: Request:localhost:8080\/index.php\/Injection\/Index"
"2021-10-26 15:52:01: Request:localhost:8080\/index.php\/Injection\/Index"
"2021-10-26 15:52:21: Request:localhost:8080\/index.php\/Injection\/Index"
"2021-10-26 15:52:22: Request:localhost:8080\/index.php\/Injection\/Index"
"2021-10-26 15:52:22: Request:localhost:8080\/index.php\/Injection\/Index"
"2021-10-26 15:52:22: Request:localhost:8080\/index.php\/Injection\/Index"
"2021-10-26 15:52:23: Request:localhost:8080\/index.php\/Injection\/Index"
"2021-10-26 15:52:35: Request:localhost:8080\/index.php\/Injection\/Index"
"2021-10-26 15:52:36: Request:localhost:8080\/index.php\/Injection\/Index"
"2021-10-26 15:52:36: Request:localhost:8080\/index.php\/Injection\/Index"
"2021-10-26 15:52:57: Request:localhost:8080\/index.php\/Injection\/Index"
"2021-10-26 15:52:57: Request:localhost:8080\/index.php\/Injection\/Index"
"2021-10-26 15:52:57: Request:localhost:8080\/index.php\/Injection\/Index"
"2021-10-26 15:52:58: Request:localhost:8080\/index.php\/Injection\/Index"
"2021-10-26 15:53:56: Request:localhost:8080\/index.php\/Injection\/Index"
"2021-10-26 15:53:57: Request:localhost:8080\/index.php\/Injection\/Index"
"2021-10-26 15:53:57: Request:localhost:8080\/index.php\/Injection\/Index"
"2021-10-26 15:53:57: Request:localhost:8080\/index.php\/Injection\/Index"
"2021-10-26 15:54:35: Request:localhost:8080\/index.php\/Injection\/Index"
"2021-10-26 15:54:35: Request:localhost:8080\/index.php\/Injection\/Index"
"2021-10-26 15:54:36: Request:localhost:8080\/index.php\/Injection\/Index"
"2021-10-26 15:54:36: Request:localhost:8080\/index.php\/Injection\/Index"
"2021-10-26 15:57:15: Request:localhost:8080\/index.php\/Injection\/Index"
"2021-10-26 15:58:23: Request:localhost:8080\/index.php\/Injection\/Index"
"2021-10-26 15:58:45: Request:localhost:8080\/index.php\/Injection\/Index"
"2021-10-26 15:58:46: Request:localhost:8080\/index.php\/Injection\/Index"
"2021-10-26 15:58:46: Request:localhost:8080\/index.php\/Injection\/Index"
"2021-10-26 15:58:53: Request:localhost:8080\/index.php\/Injection\/Index"
"2021-10-26 15:59:31: Request:localhost:8080\/index.php\/Injection\/Index"
"2021-10-26 15:59:44: Request:localhost:8080\/index.php\/Injection\/Index"
