"2021-10-19 17:47:13: \u8bbf\u95ee:localhost:8080\/index.php\/Test\/Index"
"2021-10-19 17:50:11: Request:localhost:8080\/index.php\/Test\/Index"
"2021-10-19 17:50:11: SQL:select id,username,password from users where id = 1"
"2021-10-19 17:51:49: Request:localhost:8080\/index.php\/SQLI\/Index"
"2021-10-19 17:52:17: Request:localhost:8080\/index.php\/SQLI\/Index"
"2021-10-19 17:52:18: Request:localhost:8080\/index.php\/SQLI\/Index"
"2021-10-19 17:52:19: Request:localhost:8080\/index.php\/SQLI\/Index"
"2021-10-19 17:52:19: Request:localhost:8080\/index.php\/SQLI\/Index"
"2021-10-19 17:52:19: Request:localhost:8080\/index.php\/SQLI\/Index"
"2021-10-19 17:52:19: Request:localhost:8080\/index.php\/SQLI\/Index"
"2021-10-19 17:52:20: Request:localhost:8080\/index.php\/SQLI\/Index"
"2021-10-19 17:52:20: Request:localhost:8080\/index.php\/SQLI\/Index"
"2021-10-19 17:52:20: Request:localhost:8080\/index.php\/SQLI\/Index"
"2021-10-19 17:54:01: Request:localhost:8080\/index.php\/SQLI\/Index"
"2021-10-19 17:54:06: Request:localhost:8080\/index.php\/Home\/Index"
"2021-10-19 17:54:09: Request:localhost:8080\/index.php\/Home\/Injection"
"2021-10-19 17:54:51: Request:localhost:8080\/index.php\/Injection\/Index"
"2021-10-19 17:55:04: Request:localhost:8080\/index.php\/Injection\/Index"
"2021-10-19 17:55:04: Request:localhost:8080\/index.php\/Injection\/Index"
"2021-10-19 17:55:05: Request:localhost:8080\/index.php\/Injection\/Index"
