"2021-10-27 09:22:17: Request:localhost:8080\/"
"2021-10-27 09:24:44: Request:localhost:8080\/index.php"
"2021-10-27 09:24:47: Request:localhost:8080\/index.php\/XSS"
"2021-10-27 09:25:06: Request:localhost:8080\/index.php\/XSS"
"2021-10-27 09:25:20: Request:localhost:8080\/index.php\/Injection\/"
"2021-10-27 09:25:27: Request:localhost:8080\/index.php\/Injection\/Index"
"2021-10-27 09:32:54: Request:localhost:8080\/index.php\/Injection\/Index"
"2021-10-27 09:33:59: Request:localhost:8080\/index.php\/XSS\/Index"
"2021-10-27 09:34:22: Request:localhost:8080\/index.php\/XSS\/Index"
"2021-10-27 09:34:23: Request:localhost:8080\/index.php\/Injection\/Index"
"2021-10-27 09:34:27: Request:localhost:8080\/index.php\/Injection\/ErrorInjection\/?id=2"
"2021-10-27 09:34:27: SQL:SELECT title, content FROM Article WHERE id = 2"
"2021-10-27 09:34:34: Request:localhost:8080\/index.php\/Injection\/ErrorInjection\/?id=2%E2%80%98"
"2021-10-27 09:34:34: SQL:SELECT title, content FROM Article WHERE id = 2\u2018"
"2021-10-27 09:34:40: Request:localhost:8080\/index.php\/Injection\/ErrorInjection\/?id=2"
"2021-10-27 09:34:40: SQL:SELECT title, content FROM Article WHERE id = 2"
"2021-10-27 09:35:05: Request:localhost:8080\/index.php\/Injection\/ErrorInjection\/?id=2"
"2021-10-27 09:35:05: SQL:SELECT title, content FROM Article WHERE id = 2"
"2021-10-27 09:35:07: Request:localhost:8080\/index.php\/Injection\/ErrorInjection\/?id=1%E2%80%98"
"2021-10-27 09:35:07: SQL:SELECT title, content FROM Article WHERE id = 1\u2018"
