"2021-10-26 16:02:03: Request:localhost:8080\/index.php\/Injection\/Index"
"2021-10-26 16:02:30: Request:localhost:8080\/index.php\/Injection\/Index?id=1"
"2021-10-26 16:02:51: Request:localhost:8080\/index.php\/Injection\/Index\/id\/1"
"2021-10-26 16:03:05: Request:localhost:8080\/index.php\/Injection\/Index\/id\/1"
"2021-10-26 16:03:46: Request:localhost:8080\/index.php\/Injection\/Index\/id\/1"
"2021-10-26 16:04:15: Request:localhost:8080\/index.php\/Injection\/Index\/id\/1"
"2021-10-26 16:04:38: Request:localhost:8080\/index.php\/Injection\/Index?"
"2021-10-26 16:04:50: Request:localhost:8080\/index.php\/Injection\/Index\/?"
"2021-10-26 16:06:51: Request:localhost:8080\/index.php\/Injection\/Index\/?id=1"
"2021-10-26 16:07:10: Request:localhost:8080\/index.php\/Injection\/Index\/?id=1"
"2021-10-26 16:07:11: Request:localhost:8080\/index.php\/Injection\/Index\/?id=1"
"2021-10-26 16:07:11: Request:localhost:8080\/index.php\/Injection\/Index\/?id=1"
"2021-10-26 16:07:19: Request:localhost:8080\/index.php\/Injection\/Index\/?id=2"
"2021-10-26 16:07:55: Request:localhost:8080\/index.php\/Injection\/Index\/id\/1"
"2021-10-26 16:08:02: Request:localhost:8080\/index.php\/Injection\/Index\/?id=1"
"2021-10-26 16:09:40: Request:localhost:8080\/index.php\/Injection\/Index\/?id=1"
"2021-10-26 16:09:50: Request:localhost:8080\/index.php\/Injection\/Index\/?id=1"
"2021-10-26 16:11:56: Request:localhost:8080\/index.php\/Injection\/Index\/?id=1"
"2021-10-26 16:23:39: Request:localhost:8080\/index.php\/Injection\/BlindInjection"
"2021-10-26 16:23:57: Request:localhost:8080\/index.php\/Injection\/BlindInjection"
"2021-10-26 16:23:58: Request:localhost:8080\/index.php\/Injection\/BlindInjection"
"2021-10-26 16:25:02: Request:localhost:8080\/index.php\/Injection\/BlindInjection"
"2021-10-26 16:25:03: Request:localhost:8080\/index.php\/Injection\/BlindInjection"
"2021-10-26 16:25:11: Request:localhost:8080\/index.php\/Injection\/BlindInjection"
"2021-10-26 16:25:11: Request:localhost:8080\/index.php\/Injection\/BlindInjection"
"2021-10-26 16:25:12: Request:localhost:8080\/index.php\/Injection\/BlindInjection"
"2021-10-26 16:25:17: Request:localhost:8080\/index.php\/Injection\/BlindInjection"
"2021-10-26 16:25:18: Request:localhost:8080\/index.php\/Injection\/BlindInjection"
"2021-10-26 16:25:18: Request:localhost:8080\/index.php\/Injection\/BlindInjection"
"2021-10-26 16:25:59: Request:localhost:8080\/index.php\/Injection\/BlindInjection"
"2021-10-26 16:26:00: Request:localhost:8080\/index.php\/Injection\/BlindInjection"
"2021-10-26 16:26:00: Request:localhost:8080\/index.php\/Injection\/BlindInjection"
"2021-10-26 16:26:56: Request:localhost:8080\/index.php\/Injection\/BlindInjection"
"2021-10-26 16:26:56: SQL:SELECT * FROM Article"
"2021-10-26 16:26:57: Request:localhost:8080\/index.php\/Injection\/BlindInjection"
"2021-10-26 16:26:57: SQL:SELECT * FROM Article"
"2021-10-26 16:26:57: Request:localhost:8080\/index.php\/Injection\/BlindInjection"
"2021-10-26 16:26:57: SQL:SELECT * FROM Article"
"2021-10-26 16:27:08: Request:localhost:8080\/index.php\/Injection\/BlindInjection"
"2021-10-26 16:27:08: SQL:SELECT * FROM Article"
"2021-10-26 16:28:04: Request:localhost:8080\/index.php\/Injection\/BlindInjection"
"2021-10-26 16:28:04: SQL:SELECT title FROM Article"
"2021-10-26 16:28:48: Request:localhost:8080\/index.php\/Injection\/BlindInjection"
"2021-10-26 16:28:48: SQL:SELECT title FROM Article id = 1"
"2021-10-26 16:28:49: Request:localhost:8080\/index.php\/Injection\/BlindInjection"
"2021-10-26 16:28:49: SQL:SELECT title FROM Article id = 1"
"2021-10-26 16:28:59: Request:localhost:8080\/index.php\/Injection\/BlindInjection"
"2021-10-26 16:28:59: SQL:SELECT title FROM Article WHERE id = 2"
"2021-10-26 16:29:05: Request:localhost:8080\/index.php\/Injection\/BlindInjection"
"2021-10-26 16:29:05: SQL:SELECT title FROM Article WHERE id = 1"
"2021-10-26 16:29:11: Request:localhost:8080\/index.php\/Injection\/BlindInjection"
"2021-10-26 16:29:11: SQL:SELECT title, content FROM Article WHERE id = 1"
"2021-10-26 16:29:49: Request:localhost:8080\/index.php\/Injection\/BlindInjection"
"2021-10-26 16:29:49: SQL:SELECT title, content FROM Article WHERE id = 1"
"2021-10-26 16:29:49: Request:localhost:8080\/index.php\/Injection\/BlindInjection"
"2021-10-26 16:29:49: SQL:SELECT title, content FROM Article WHERE id = 1"
"2021-10-26 16:29:50: Request:localhost:8080\/index.php\/Injection\/BlindInjection"
"2021-10-26 16:29:50: SQL:SELECT title, content FROM Article WHERE id = 1"
"2021-10-26 16:30:06: Request:localhost:8080\/index.php\/Injection\/BlindInjection"
"2021-10-26 16:30:06: SQL:SELECT title, content FROM Article WHERE id = 1"
"2021-10-26 16:30:16: Request:localhost:8080\/index.php\/Injection\/BlindInjection\/?id=1"
"2021-10-26 16:30:16: SQL:SELECT title, content FROM Article WHERE id = 1"
"2021-10-26 16:30:34: Request:localhost:8080\/index.php\/Injection\/BlindInjection\/?id=1"
"2021-10-26 16:30:35: SQL:SELECT title, content FROM Article WHERE id = 1"
"2021-10-26 16:32:38: Request:localhost:8080\/index.php\/Injection\/BlindInjection"
"2021-10-26 16:32:38: SQL:SELECT title, content FROM Article WHERE id = 1"
"2021-10-26 16:32:40: Request:localhost:8080\/index.php\/Injection\/BlindInjection"
"2021-10-26 16:32:40: SQL:SELECT title, content FROM Article WHERE id = 1"
"2021-10-26 16:32:44: Request:localhost:8080\/index.php\/Injection\/BlindInjection\/?id=2"
"2021-10-26 16:32:44: SQL:SELECT title, content FROM Article WHERE id = 2"
"2021-10-26 16:33:05: Request:localhost:8080\/index.php\/Injection\/BlindInjection\/?id=2%27"
"2021-10-26 16:33:05: SQL:SELECT title, content FROM Article WHERE id = 2'"
"2021-10-26 16:35:11: Request:localhost:8080\/index.php\/Injection\/BlindInjection\/?id=2%27"
"2021-10-26 16:35:11: SQL:SELECT title, content FROM Article WHERE id = 2'"
"2021-10-26 16:35:12: Request:localhost:8080\/index.php\/Injection\/BlindInjection\/?id=2%27"
"2021-10-26 16:35:12: SQL:SELECT title, content FROM Article WHERE id = 2'"
"2021-10-26 16:35:33: Request:localhost:8080\/index.php\/Injection\/BlindInjection\/?id=2%27"
"2021-10-26 16:35:33: SQL:SELECT title, content FROM Article WHERE id = 2'"
"2021-10-26 16:35:34: Request:localhost:8080\/index.php\/Injection\/BlindInjection\/?id=2%27"
"2021-10-26 16:35:34: SQL:SELECT title, content FROM Article WHERE id = 2'"
"2021-10-26 16:35:34: Request:localhost:8080\/index.php\/Injection\/BlindInjection\/?id=2%27"
"2021-10-26 16:35:34: SQL:SELECT title, content FROM Article WHERE id = 2'"
"2021-10-26 16:35:39: Request:localhost:8080\/index.php\/Injection\/BlindInjection\/?id=2%27"
"2021-10-26 16:35:39: SQL:SELECT title, content FROM Article WHERE id = 2'"
"2021-10-26 16:35:39: Request:localhost:8080\/index.php\/Injection\/BlindInjection\/?id=2%27"
"2021-10-26 16:35:39: SQL:SELECT title, content FROM Article WHERE id = 2'"
"2021-10-26 16:35:40: Request:localhost:8080\/index.php\/Injection\/BlindInjection\/?id=2%27"
"2021-10-26 16:35:40: SQL:SELECT title, content FROM Article WHERE id = 2'"
"2021-10-26 16:35:40: Request:localhost:8080\/index.php\/Injection\/BlindInjection\/?id=2%27"
"2021-10-26 16:35:40: SQL:SELECT title, content FROM Article WHERE id = 2'"
"2021-10-26 16:35:40: Request:localhost:8080\/index.php\/Injection\/BlindInjection\/?id=2%27"
"2021-10-26 16:35:40: SQL:SELECT title, content FROM Article WHERE id = 2'"
"2021-10-26 16:35:40: Request:localhost:8080\/index.php\/Injection\/BlindInjection\/?id=2%27"
"2021-10-26 16:35:40: SQL:SELECT title, content FROM Article WHERE id = 2'"
"2021-10-26 16:35:52: Request:localhost:8080\/index.php\/Injection\/BlindInjection\/?id=2%27"
"2021-10-26 16:35:52: SQL:SELECT title, content FROM Article WHERE id = 2'"
"2021-10-26 16:35:56: Request:localhost:8080\/index.php\/Injection\/BlindInjection\/?id=1"
"2021-10-26 16:35:56: SQL:SELECT title, content FROM Article WHERE id = 1"
"2021-10-26 16:36:16: Request:localhost:8080\/index.php\/Injection\/BlindInjection\/?id=1"
"2021-10-26 16:36:16: SQL:SELECT title, content FROM Article WHERE id = 1"
"2021-10-26 16:36:17: Request:localhost:8080\/index.php\/Injection\/BlindInjection\/?id=1"
"2021-10-26 16:36:17: SQL:SELECT title, content FROM Article WHERE id = 1"
"2021-10-26 16:36:20: Request:localhost:8080\/index.php\/Injection\/BlindInjection\/?id=2"
"2021-10-26 16:36:20: SQL:SELECT title, content FROM Article WHERE id = 2"
"2021-10-26 16:36:37: Request:localhost:8080\/index.php\/Injection\/BlindInjection\/?id=2%20and%201=1"
"2021-10-26 16:36:37: SQL:SELECT title, content FROM Article WHERE id = 2 and 1=1"
"2021-10-26 16:36:40: Request:localhost:8080\/index.php\/Injection\/BlindInjection\/?id=2%20and%201=2"
"2021-10-26 16:36:40: SQL:SELECT title, content FROM Article WHERE id = 2 and 1=2"
"2021-10-26 16:36:42: Request:localhost:8080\/index.php\/Injection\/BlindInjection\/?id=2"
"2021-10-26 16:36:42: SQL:SELECT title, content FROM Article WHERE id = 2"
"2021-10-26 16:38:20: Request:localhost:8080\/index.php\/Injection\/BlindInjection\/?id=2"
"2021-10-26 16:38:20: SQL:SELECT title, content FROM Article WHERE id = 2"
"2021-10-26 16:38:21: Request:localhost:8080\/index.php\/Injection\/BlindInjection\/?id=2"
"2021-10-26 16:38:21: SQL:SELECT title, content FROM Article WHERE id = 2"
"2021-10-26 16:38:21: Request:localhost:8080\/index.php\/Injection\/BlindInjection\/?id=2"
"2021-10-26 16:38:21: SQL:SELECT title, content FROM Article WHERE id = 2"
"2021-10-26 16:41:20: Request:localhost:8080\/index.php\/Injection\/ErrorInjection\/"
"2021-10-26 16:41:20: SQL:SELECT title, content FROM Article WHERE id = 1"
"2021-10-26 16:41:25: Request:localhost:8080\/index.php\/Injection\/ErrorInjection\/?id=2"
"2021-10-26 16:41:25: SQL:SELECT title, content FROM Article WHERE id = 2"
"2021-10-26 16:41:27: Request:localhost:8080\/index.php\/Injection\/ErrorInjection\/?id=2%27"
"2021-10-26 16:41:27: SQL:SELECT title, content FROM Article WHERE id = 2'"
"2021-10-26 16:41:50: Request:localhost:8080\/index.php\/Injection\/"
"2021-10-26 16:41:56: Request:localhost:8080\/index.php\/Injection\/Index"
"2021-10-26 16:42:58: Request:localhost:8080\/index.php\/Injection\/Index"
"2021-10-26 16:43:06: Request:localhost:8080\/index.php\/Injection\/Index"
"2021-10-26 16:43:25: Request:localhost:8080\/index.php\/Injection\/Index"
"2021-10-26 16:43:28: Request:localhost:8080\/index.php\/Injection\/BlindInjection\/"
"2021-10-26 16:43:28: SQL:SELECT title, content FROM Article WHERE id = 1"
"2021-10-26 16:43:44: Request:localhost:8080\/index.php\/Injection\/Index"
"2021-10-26 16:43:45: Request:localhost:8080\/index.php\/Injection\/BlindInjection\/?id=2"
"2021-10-26 16:43:45: SQL:SELECT title, content FROM Article WHERE id = 2"
"2021-10-26 16:43:48: Request:localhost:8080\/index.php\/Injection\/BlindInjection\/?id=1"
"2021-10-26 16:43:48: SQL:SELECT title, content FROM Article WHERE id = 1"
"2021-10-26 16:43:52: Request:localhost:8080\/index.php\/Injection\/BlindInjection\/?id=1%20and"
"2021-10-26 16:43:52: SQL:SELECT title, content FROM Article WHERE id = 1 and"
"2021-10-26 16:44:18: Request:localhost:8080\/index.php\/Injection\/ErrorInjection\/?id=2"
"2021-10-26 16:44:18: SQL:SELECT title, content FROM Article WHERE id = 2"
"2021-10-26 16:44:20: Request:localhost:8080\/index.php\/Injection\/ErrorInjection\/?id=2%27"
"2021-10-26 16:44:20: SQL:SELECT title, content FROM Article WHERE id = 2'"
"2021-10-26 16:44:47: Request:localhost:8080\/index.php\/Injection\/Index"
"2021-10-26 16:44:48: Request:localhost:8080\/index.php\/Injection\/Index"
"2021-10-26 16:44:48: Request:localhost:8080\/index.php\/Injection\/BlindInjection\/?id=2"
"2021-10-26 16:44:48: SQL:SELECT title, content FROM Article WHERE id = 2"
"2021-10-26 16:44:49: Request:localhost:8080\/index.php\/Injection\/BlindInjection\/?id=2"
"2021-10-26 16:44:49: SQL:SELECT title, content FROM Article WHERE id = 2"
"2021-10-26 16:44:51: Request:localhost:8080\/index.php\/Injection\/BlindInjection\/?id=2%27"
"2021-10-26 16:44:51: SQL:SELECT title, content FROM Article WHERE id = 2'"
"2021-10-26 16:44:55: Request:localhost:8080\/index.php\/Injection\/BlindInjection\/?id=2aaa"
"2021-10-26 16:44:55: SQL:SELECT title, content FROM Article WHERE id = 2aaa"
"2021-10-26 16:44:59: Request:localhost:8080\/index.php\/Injection\/BlindInjection\/?id=2"
"2021-10-26 16:44:59: SQL:SELECT title, content FROM Article WHERE id = 2"
"2021-10-26 16:45:00: Request:localhost:8080\/index.php\/Injection\/ErrorInjection\/?id=2"
"2021-10-26 16:45:00: SQL:SELECT title, content FROM Article WHERE id = 2"
"2021-10-26 16:45:03: Request:localhost:8080\/index.php\/Injection\/ErrorInjection\/?id=2aaa"
"2021-10-26 16:45:03: SQL:SELECT title, content FROM Article WHERE id = 2aaa"
"2021-10-26 16:45:08: Request:localhost:8080\/index.php\/Injection\/ErrorInjection\/?id=1%27"
"2021-10-26 16:45:08: SQL:SELECT title, content FROM Article WHERE id = 1'"
"2021-10-26 16:47:10: Request:localhost:8080\/index.php\/Injection\/ErrorInjection\/?id=1%27"
"2021-10-26 16:47:10: SQL:SELECT title, content FROM Article WHERE id = 1'"
